-- Finding Boost...
-- Fetching nlohmann/json...
CMake Deprecation Warning at build/_deps/json-src/CMakeLists.txt:1 (cmake_minimum_required):
  Compatibility with CMake < 3.5 will be removed from a future version of
  CMake.

  Update the VERSION argument <min> value or use a ...<max> suffix to tell
  CMake that the project does not need compatibility with older versions.


-- Using the multi-header code from /home/riddler/cppsim/build/_deps/json-src/include/
-- Fetching Google Test...
-- 
-- ===================================
-- cppsim - C++ Poker Server Simulation
-- ===================================
-- Build type: 
-- C++ Standard: 17
-- Boost Version: 1.83.0
-- Targets:
--   - poker_server (server executable)
--   - poker_client (client executable)
--   - poker_common (shared library)
--   - poker_tests (test executable)
-- ===================================
-- 
-- Configuring done (0.6s)
CMake Error at src/common/CMakeLists.txt:2 (add_library):
  No SOURCES given to target: poker_common


CMake Generate step failed.  Build files cannot be regenerated correctly.
